[chaos-web]2018-11-24 19:24:08 67 [org.springframework.context.support.ClassPathXmlApplicationContext]-[WARN] Exception encountered during context initialization - cancelling refresh attempt: org.springframework.beans.factory.UnsatisfiedDependencyException: Error creating bean with name 'main': Unsatisfied dependency expressed through field 'server'; nested exception is org.springframework.beans.factory.NoSuchBeanDefinitionException: No qualifying bean of type 'com.alan.server.instance.IServer' available: expected at least 1 bean which qualifies as autowire candidate. Dependency annotations: {@org.springframework.beans.factory.annotation.Autowired(required=true)}
 [chaos-web]2018-11-24 19:24:31 969 [io.netty.util.internal.logging.InternalLoggerFactory]-[DEBUG] Using SLF4J as the default logging framework
 [chaos-web]2018-11-24 19:24:31 981 [io.netty.channel.MultithreadEventLoopGroup]-[DEBUG] -Dio.netty.eventLoopThreads: 8
 [chaos-web]2018-11-24 19:24:32 68 [io.netty.channel.nio.NioEventLoop]-[DEBUG] -Dio.netty.noKeySetOptimization: false
 [chaos-web]2018-11-24 19:24:32 69 [io.netty.channel.nio.NioEventLoop]-[DEBUG] -Dio.netty.selectorAutoRebuildThreshold: 512
 [chaos-web]2018-11-24 19:24:32 87 [io.netty.util.internal.PlatformDependent]-[DEBUG] Platform: MacOS
 [chaos-web]2018-11-24 19:24:32 89 [io.netty.util.internal.PlatformDependent0]-[DEBUG] -Dio.netty.noUnsafe: false
 [chaos-web]2018-11-24 19:24:32 90 [io.netty.util.internal.PlatformDependent0]-[DEBUG] Java version: 8
 [chaos-web]2018-11-24 19:24:32 91 [io.netty.util.internal.PlatformDependent0]-[DEBUG] sun.misc.Unsafe.theUnsafe: available
 [chaos-web]2018-11-24 19:24:32 92 [io.netty.util.internal.PlatformDependent0]-[DEBUG] sun.misc.Unsafe.copyMemory: available
 [chaos-web]2018-11-24 19:24:32 93 [io.netty.util.internal.PlatformDependent0]-[DEBUG] java.nio.Buffer.address: available
 [chaos-web]2018-11-24 19:24:32 93 [io.netty.util.internal.PlatformDependent0]-[DEBUG] direct buffer constructor: available
 [chaos-web]2018-11-24 19:24:32 94 [io.netty.util.internal.PlatformDependent0]-[DEBUG] java.nio.Bits.unaligned: available, true
 [chaos-web]2018-11-24 19:24:32 96 [io.netty.util.internal.PlatformDependent0]-[DEBUG] jdk.internal.misc.Unsafe.allocateUninitializedArray(int): unavailable prior to Java9
 [chaos-web]2018-11-24 19:24:32 96 [io.netty.util.internal.PlatformDependent0]-[DEBUG] java.nio.DirectByteBuffer.<init>(long, int): available
 [chaos-web]2018-11-24 19:24:32 96 [io.netty.util.internal.PlatformDependent]-[DEBUG] sun.misc.Unsafe: available
 [chaos-web]2018-11-24 19:24:32 97 [io.netty.util.internal.PlatformDependent]-[DEBUG] -Dio.netty.tmpdir: /var/folders/8f/9rk1x7zj7fb8dn7tkdnh918m0000gp/T (java.io.tmpdir)
 [chaos-web]2018-11-24 19:24:32 99 [io.netty.util.internal.PlatformDependent]-[DEBUG] -Dio.netty.bitMode: 64 (sun.arch.data.model)
 [chaos-web]2018-11-24 19:24:32 100 [io.netty.util.internal.PlatformDependent]-[DEBUG] -Dio.netty.noPreferDirect: false
 [chaos-web]2018-11-24 19:24:32 101 [io.netty.util.internal.PlatformDependent]-[DEBUG] -Dio.netty.maxDirectMemory: 1908932608 bytes
 [chaos-web]2018-11-24 19:24:32 101 [io.netty.util.internal.PlatformDependent]-[DEBUG] -Dio.netty.uninitializedArrayAllocationThreshold: -1
 [chaos-web]2018-11-24 19:24:32 102 [io.netty.util.internal.CleanerJava6]-[DEBUG] java.nio.ByteBuffer.cleaner(): available
 [chaos-web]2018-11-24 19:24:32 110 [io.netty.util.internal.PlatformDependent]-[DEBUG] org.jctools-core.MpscChunkedArrayQueue: available
 [chaos-web]2018-11-24 19:24:32 132 [io.netty.util.internal.InternalThreadLocalMap]-[DEBUG] -Dio.netty.threadLocalMap.stringBuilder.initialSize: 1024
 [chaos-web]2018-11-24 19:24:32 132 [io.netty.util.internal.InternalThreadLocalMap]-[DEBUG] -Dio.netty.threadLocalMap.stringBuilder.maxSize: 4096
 [chaos-web]2018-11-24 19:24:32 208 [io.netty.channel.DefaultChannelId]-[DEBUG] -Dio.netty.processId: 80169 (auto-detected)
 [chaos-web]2018-11-24 19:24:32 213 [io.netty.util.NetUtil]-[DEBUG] -Djava.net.preferIPv4Stack: false
 [chaos-web]2018-11-24 19:24:32 213 [io.netty.util.NetUtil]-[DEBUG] -Djava.net.preferIPv6Addresses: false
 [chaos-web]2018-11-24 19:24:32 224 [io.netty.util.NetUtil]-[DEBUG] Loopback interface: lo0 (lo0, 0:0:0:0:0:0:0:1%lo0)
 [chaos-web]2018-11-24 19:24:32 225 [io.netty.util.NetUtil]-[DEBUG] Failed to get SOMAXCONN from sysctl and file /proc/sys/net/core/somaxconn. Default: 128
 [chaos-web]2018-11-24 19:24:32 230 [io.netty.channel.DefaultChannelId]-[DEBUG] -Dio.netty.machineId: 88:e9:fe:ff:fe:4e:58:b2 (auto-detected)
 [chaos-web]2018-11-24 19:24:32 248 [io.netty.util.ResourceLeakDetector]-[DEBUG] -Dio.netty.leakDetection.level: simple
 [chaos-web]2018-11-24 19:24:32 249 [io.netty.util.ResourceLeakDetector]-[DEBUG] -Dio.netty.leakDetection.targetRecords: 4
 [chaos-web]2018-11-24 19:24:32 292 [io.netty.buffer.PooledByteBufAllocator]-[DEBUG] -Dio.netty.allocator.numHeapArenas: 8
 [chaos-web]2018-11-24 19:24:32 292 [io.netty.buffer.PooledByteBufAllocator]-[DEBUG] -Dio.netty.allocator.numDirectArenas: 8
 [chaos-web]2018-11-24 19:24:32 293 [io.netty.buffer.PooledByteBufAllocator]-[DEBUG] -Dio.netty.allocator.pageSize: 8192
 [chaos-web]2018-11-24 19:24:32 293 [io.netty.buffer.PooledByteBufAllocator]-[DEBUG] -Dio.netty.allocator.maxOrder: 11
 [chaos-web]2018-11-24 19:24:32 293 [io.netty.buffer.PooledByteBufAllocator]-[DEBUG] -Dio.netty.allocator.chunkSize: 16777216
 [chaos-web]2018-11-24 19:24:32 293 [io.netty.buffer.PooledByteBufAllocator]-[DEBUG] -Dio.netty.allocator.tinyCacheSize: 512
 [chaos-web]2018-11-24 19:24:32 293 [io.netty.buffer.PooledByteBufAllocator]-[DEBUG] -Dio.netty.allocator.smallCacheSize: 256
 [chaos-web]2018-11-24 19:24:32 294 [io.netty.buffer.PooledByteBufAllocator]-[DEBUG] -Dio.netty.allocator.normalCacheSize: 64
 [chaos-web]2018-11-24 19:24:32 294 [io.netty.buffer.PooledByteBufAllocator]-[DEBUG] -Dio.netty.allocator.maxCachedBufferCapacity: 32768
 [chaos-web]2018-11-24 19:24:32 294 [io.netty.buffer.PooledByteBufAllocator]-[DEBUG] -Dio.netty.allocator.cacheTrimInterval: 8192
 [chaos-web]2018-11-24 19:24:32 294 [io.netty.buffer.PooledByteBufAllocator]-[DEBUG] -Dio.netty.allocator.useCacheForAllThreads: true
 [chaos-web]2018-11-24 19:24:32 308 [io.netty.buffer.ByteBufUtil]-[DEBUG] -Dio.netty.allocator.type: pooled
 [chaos-web]2018-11-24 19:24:32 308 [io.netty.buffer.ByteBufUtil]-[DEBUG] -Dio.netty.threadLocalDirectBufferSize: 0
 [chaos-web]2018-11-24 19:24:32 308 [io.netty.buffer.ByteBufUtil]-[DEBUG] -Dio.netty.maxThreadLocalCharBufferSize: 16384
 [chaos-web]2018-11-24 19:24:32 332 [com.alan.server.instance.impl.EchoServer]-[INFO] bind on port [ 8080 ] :)
 [chaos-web]2018-11-24 19:25:37 80 [io.netty.util.Recycler]-[DEBUG] -Dio.netty.recycler.maxCapacityPerThread: 4096
 [chaos-web]2018-11-24 19:25:37 82 [io.netty.util.Recycler]-[DEBUG] -Dio.netty.recycler.maxSharedCapacityFactor: 2
 [chaos-web]2018-11-24 19:25:37 82 [io.netty.util.Recycler]-[DEBUG] -Dio.netty.recycler.linkCapacity: 16
 [chaos-web]2018-11-24 19:25:37 82 [io.netty.util.Recycler]-[DEBUG] -Dio.netty.recycler.ratio: 8
 [chaos-web]2018-11-24 19:25:37 97 [io.netty.buffer.AbstractByteBuf]-[DEBUG] -Dio.netty.buffer.bytebuf.checkAccessible: true
 [chaos-web]2018-11-24 19:25:37 99 [io.netty.util.ResourceLeakDetectorFactory]-[DEBUG] Loaded default ResourceLeakDetector: io.netty.util.ResourceLeakDetector@28cf541
 [chaos-web]2018-11-24 19:26:27 706 [io.netty.util.internal.logging.InternalLoggerFactory]-[DEBUG] Using SLF4J as the default logging framework
 [chaos-web]2018-11-24 19:26:27 716 [io.netty.channel.MultithreadEventLoopGroup]-[DEBUG] -Dio.netty.eventLoopThreads: 8
 [chaos-web]2018-11-24 19:26:27 760 [io.netty.channel.nio.NioEventLoop]-[DEBUG] -Dio.netty.noKeySetOptimization: false
 [chaos-web]2018-11-24 19:26:27 761 [io.netty.channel.nio.NioEventLoop]-[DEBUG] -Dio.netty.selectorAutoRebuildThreshold: 512
 [chaos-web]2018-11-24 19:26:27 774 [io.netty.util.internal.PlatformDependent]-[DEBUG] Platform: MacOS
 [chaos-web]2018-11-24 19:26:27 775 [io.netty.util.internal.PlatformDependent0]-[DEBUG] -Dio.netty.noUnsafe: false
 [chaos-web]2018-11-24 19:26:27 775 [io.netty.util.internal.PlatformDependent0]-[DEBUG] Java version: 8
 [chaos-web]2018-11-24 19:26:27 776 [io.netty.util.internal.PlatformDependent0]-[DEBUG] sun.misc.Unsafe.theUnsafe: available
 [chaos-web]2018-11-24 19:26:27 777 [io.netty.util.internal.PlatformDependent0]-[DEBUG] sun.misc.Unsafe.copyMemory: available
 [chaos-web]2018-11-24 19:26:27 778 [io.netty.util.internal.PlatformDependent0]-[DEBUG] java.nio.Buffer.address: available
 [chaos-web]2018-11-24 19:26:27 778 [io.netty.util.internal.PlatformDependent0]-[DEBUG] direct buffer constructor: available
 [chaos-web]2018-11-24 19:26:27 779 [io.netty.util.internal.PlatformDependent0]-[DEBUG] java.nio.Bits.unaligned: available, true
 [chaos-web]2018-11-24 19:26:27 779 [io.netty.util.internal.PlatformDependent0]-[DEBUG] jdk.internal.misc.Unsafe.allocateUninitializedArray(int): unavailable prior to Java9
 [chaos-web]2018-11-24 19:26:27 779 [io.netty.util.internal.PlatformDependent0]-[DEBUG] java.nio.DirectByteBuffer.<init>(long, int): available
 [chaos-web]2018-11-24 19:26:27 780 [io.netty.util.internal.PlatformDependent]-[DEBUG] sun.misc.Unsafe: available
 [chaos-web]2018-11-24 19:26:27 780 [io.netty.util.internal.PlatformDependent]-[DEBUG] -Dio.netty.tmpdir: /var/folders/8f/9rk1x7zj7fb8dn7tkdnh918m0000gp/T (java.io.tmpdir)
 [chaos-web]2018-11-24 19:26:27 782 [io.netty.util.internal.PlatformDependent]-[DEBUG] -Dio.netty.bitMode: 64 (sun.arch.data.model)
 [chaos-web]2018-11-24 19:26:27 784 [io.netty.util.internal.PlatformDependent]-[DEBUG] -Dio.netty.noPreferDirect: false
 [chaos-web]2018-11-24 19:26:27 784 [io.netty.util.internal.PlatformDependent]-[DEBUG] -Dio.netty.maxDirectMemory: 1908932608 bytes
 [chaos-web]2018-11-24 19:26:27 785 [io.netty.util.internal.PlatformDependent]-[DEBUG] -Dio.netty.uninitializedArrayAllocationThreshold: -1
 [chaos-web]2018-11-24 19:26:27 785 [io.netty.util.internal.CleanerJava6]-[DEBUG] java.nio.ByteBuffer.cleaner(): available
 [chaos-web]2018-11-24 19:26:27 794 [io.netty.util.internal.PlatformDependent]-[DEBUG] org.jctools-core.MpscChunkedArrayQueue: available
 [chaos-web]2018-11-24 19:26:27 809 [io.netty.util.internal.InternalThreadLocalMap]-[DEBUG] -Dio.netty.threadLocalMap.stringBuilder.initialSize: 1024
 [chaos-web]2018-11-24 19:26:27 809 [io.netty.util.internal.InternalThreadLocalMap]-[DEBUG] -Dio.netty.threadLocalMap.stringBuilder.maxSize: 4096
 [chaos-web]2018-11-24 19:26:27 841 [io.netty.channel.DefaultChannelId]-[DEBUG] -Dio.netty.processId: 80551 (auto-detected)
 [chaos-web]2018-11-24 19:26:27 843 [io.netty.util.NetUtil]-[DEBUG] -Djava.net.preferIPv4Stack: false
 [chaos-web]2018-11-24 19:26:27 843 [io.netty.util.NetUtil]-[DEBUG] -Djava.net.preferIPv6Addresses: false
 [chaos-web]2018-11-24 19:26:27 849 [io.netty.util.NetUtil]-[DEBUG] Loopback interface: lo0 (lo0, 0:0:0:0:0:0:0:1%lo0)
 [chaos-web]2018-11-24 19:26:27 850 [io.netty.util.NetUtil]-[DEBUG] Failed to get SOMAXCONN from sysctl and file /proc/sys/net/core/somaxconn. Default: 128
 [chaos-web]2018-11-24 19:26:27 852 [io.netty.channel.DefaultChannelId]-[DEBUG] -Dio.netty.machineId: 88:e9:fe:ff:fe:4e:58:b2 (auto-detected)
 [chaos-web]2018-11-24 19:26:27 863 [io.netty.util.ResourceLeakDetector]-[DEBUG] -Dio.netty.leakDetection.level: simple
 [chaos-web]2018-11-24 19:26:27 863 [io.netty.util.ResourceLeakDetector]-[DEBUG] -Dio.netty.leakDetection.targetRecords: 4
 [chaos-web]2018-11-24 19:26:27 885 [io.netty.buffer.PooledByteBufAllocator]-[DEBUG] -Dio.netty.allocator.numHeapArenas: 8
 [chaos-web]2018-11-24 19:26:27 885 [io.netty.buffer.PooledByteBufAllocator]-[DEBUG] -Dio.netty.allocator.numDirectArenas: 8
 [chaos-web]2018-11-24 19:26:27 885 [io.netty.buffer.PooledByteBufAllocator]-[DEBUG] -Dio.netty.allocator.pageSize: 8192
 [chaos-web]2018-11-24 19:26:27 885 [io.netty.buffer.PooledByteBufAllocator]-[DEBUG] -Dio.netty.allocator.maxOrder: 11
 [chaos-web]2018-11-24 19:26:27 885 [io.netty.buffer.PooledByteBufAllocator]-[DEBUG] -Dio.netty.allocator.chunkSize: 16777216
 [chaos-web]2018-11-24 19:26:27 886 [io.netty.buffer.PooledByteBufAllocator]-[DEBUG] -Dio.netty.allocator.tinyCacheSize: 512
 [chaos-web]2018-11-24 19:26:27 886 [io.netty.buffer.PooledByteBufAllocator]-[DEBUG] -Dio.netty.allocator.smallCacheSize: 256
 [chaos-web]2018-11-24 19:26:27 886 [io.netty.buffer.PooledByteBufAllocator]-[DEBUG] -Dio.netty.allocator.normalCacheSize: 64
 [chaos-web]2018-11-24 19:26:27 886 [io.netty.buffer.PooledByteBufAllocator]-[DEBUG] -Dio.netty.allocator.maxCachedBufferCapacity: 32768
 [chaos-web]2018-11-24 19:26:27 886 [io.netty.buffer.PooledByteBufAllocator]-[DEBUG] -Dio.netty.allocator.cacheTrimInterval: 8192
 [chaos-web]2018-11-24 19:26:27 886 [io.netty.buffer.PooledByteBufAllocator]-[DEBUG] -Dio.netty.allocator.useCacheForAllThreads: true
 [chaos-web]2018-11-24 19:26:27 895 [io.netty.buffer.ByteBufUtil]-[DEBUG] -Dio.netty.allocator.type: pooled
 [chaos-web]2018-11-24 19:26:27 895 [io.netty.buffer.ByteBufUtil]-[DEBUG] -Dio.netty.threadLocalDirectBufferSize: 0
 [chaos-web]2018-11-24 19:26:27 895 [io.netty.buffer.ByteBufUtil]-[DEBUG] -Dio.netty.maxThreadLocalCharBufferSize: 16384
 [chaos-web]2018-11-24 19:26:27 913 [com.alan.server.instance.impl.EchoServer]-[INFO] bind on port [ 8080 ] :)
 [chaos-web]2018-11-24 19:27:03 703 [io.netty.util.internal.logging.InternalLoggerFactory]-[DEBUG] Using SLF4J as the default logging framework
 [chaos-web]2018-11-24 19:27:03 716 [io.netty.channel.MultithreadEventLoopGroup]-[DEBUG] -Dio.netty.eventLoopThreads: 8
 [chaos-web]2018-11-24 19:27:03 803 [io.netty.channel.nio.NioEventLoop]-[DEBUG] -Dio.netty.noKeySetOptimization: false
 [chaos-web]2018-11-24 19:27:03 805 [io.netty.channel.nio.NioEventLoop]-[DEBUG] -Dio.netty.selectorAutoRebuildThreshold: 512
 [chaos-web]2018-11-24 19:27:03 831 [io.netty.util.internal.PlatformDependent]-[DEBUG] Platform: MacOS
 [chaos-web]2018-11-24 19:27:03 834 [io.netty.util.internal.PlatformDependent0]-[DEBUG] -Dio.netty.noUnsafe: false
 [chaos-web]2018-11-24 19:27:03 834 [io.netty.util.internal.PlatformDependent0]-[DEBUG] Java version: 8
 [chaos-web]2018-11-24 19:27:03 836 [io.netty.util.internal.PlatformDependent0]-[DEBUG] sun.misc.Unsafe.theUnsafe: available
 [chaos-web]2018-11-24 19:27:03 837 [io.netty.util.internal.PlatformDependent0]-[DEBUG] sun.misc.Unsafe.copyMemory: available
 [chaos-web]2018-11-24 19:27:03 837 [io.netty.util.internal.PlatformDependent0]-[DEBUG] java.nio.Buffer.address: available
 [chaos-web]2018-11-24 19:27:03 838 [io.netty.util.internal.PlatformDependent0]-[DEBUG] direct buffer constructor: available
 [chaos-web]2018-11-24 19:27:03 839 [io.netty.util.internal.PlatformDependent0]-[DEBUG] java.nio.Bits.unaligned: available, true
 [chaos-web]2018-11-24 19:27:03 840 [io.netty.util.internal.PlatformDependent0]-[DEBUG] jdk.internal.misc.Unsafe.allocateUninitializedArray(int): unavailable prior to Java9
 [chaos-web]2018-11-24 19:27:03 840 [io.netty.util.internal.PlatformDependent0]-[DEBUG] java.nio.DirectByteBuffer.<init>(long, int): available
 [chaos-web]2018-11-24 19:27:03 840 [io.netty.util.internal.PlatformDependent]-[DEBUG] sun.misc.Unsafe: available
 [chaos-web]2018-11-24 19:27:03 841 [io.netty.util.internal.PlatformDependent]-[DEBUG] -Dio.netty.tmpdir: /var/folders/8f/9rk1x7zj7fb8dn7tkdnh918m0000gp/T (java.io.tmpdir)
 [chaos-web]2018-11-24 19:27:03 847 [io.netty.util.internal.PlatformDependent]-[DEBUG] -Dio.netty.bitMode: 64 (sun.arch.data.model)
 [chaos-web]2018-11-24 19:27:03 849 [io.netty.util.internal.PlatformDependent]-[DEBUG] -Dio.netty.noPreferDirect: false
 [chaos-web]2018-11-24 19:27:03 850 [io.netty.util.internal.PlatformDependent]-[DEBUG] -Dio.netty.maxDirectMemory: 1908932608 bytes
 [chaos-web]2018-11-24 19:27:03 851 [io.netty.util.internal.PlatformDependent]-[DEBUG] -Dio.netty.uninitializedArrayAllocationThreshold: -1
 [chaos-web]2018-11-24 19:27:03 852 [io.netty.util.internal.CleanerJava6]-[DEBUG] java.nio.ByteBuffer.cleaner(): available
 [chaos-web]2018-11-24 19:27:03 878 [io.netty.util.internal.PlatformDependent]-[DEBUG] org.jctools-core.MpscChunkedArrayQueue: available
 [chaos-web]2018-11-24 19:27:03 904 [io.netty.util.internal.InternalThreadLocalMap]-[DEBUG] -Dio.netty.threadLocalMap.stringBuilder.initialSize: 1024
 [chaos-web]2018-11-24 19:27:03 904 [io.netty.util.internal.InternalThreadLocalMap]-[DEBUG] -Dio.netty.threadLocalMap.stringBuilder.maxSize: 4096
 [chaos-web]2018-11-24 19:27:03 959 [io.netty.channel.DefaultChannelId]-[DEBUG] -Dio.netty.processId: 80559 (auto-detected)
 [chaos-web]2018-11-24 19:27:03 961 [io.netty.util.NetUtil]-[DEBUG] -Djava.net.preferIPv4Stack: false
 [chaos-web]2018-11-24 19:27:03 961 [io.netty.util.NetUtil]-[DEBUG] -Djava.net.preferIPv6Addresses: false
 [chaos-web]2018-11-24 19:27:03 968 [io.netty.util.NetUtil]-[DEBUG] Loopback interface: lo0 (lo0, 0:0:0:0:0:0:0:1%lo0)
 [chaos-web]2018-11-24 19:27:03 969 [io.netty.util.NetUtil]-[DEBUG] Failed to get SOMAXCONN from sysctl and file /proc/sys/net/core/somaxconn. Default: 128
 [chaos-web]2018-11-24 19:27:03 972 [io.netty.channel.DefaultChannelId]-[DEBUG] -Dio.netty.machineId: 88:e9:fe:ff:fe:4e:58:b2 (auto-detected)
 [chaos-web]2018-11-24 19:27:03 985 [io.netty.util.ResourceLeakDetector]-[DEBUG] -Dio.netty.leakDetection.level: simple
 [chaos-web]2018-11-24 19:27:03 985 [io.netty.util.ResourceLeakDetector]-[DEBUG] -Dio.netty.leakDetection.targetRecords: 4
 [chaos-web]2018-11-24 19:27:04 20 [io.netty.buffer.PooledByteBufAllocator]-[DEBUG] -Dio.netty.allocator.numHeapArenas: 8
 [chaos-web]2018-11-24 19:27:04 20 [io.netty.buffer.PooledByteBufAllocator]-[DEBUG] -Dio.netty.allocator.numDirectArenas: 8
 [chaos-web]2018-11-24 19:27:04 20 [io.netty.buffer.PooledByteBufAllocator]-[DEBUG] -Dio.netty.allocator.pageSize: 8192
 [chaos-web]2018-11-24 19:27:04 21 [io.netty.buffer.PooledByteBufAllocator]-[DEBUG] -Dio.netty.allocator.maxOrder: 11
 [chaos-web]2018-11-24 19:27:04 21 [io.netty.buffer.PooledByteBufAllocator]-[DEBUG] -Dio.netty.allocator.chunkSize: 16777216
 [chaos-web]2018-11-24 19:27:04 21 [io.netty.buffer.PooledByteBufAllocator]-[DEBUG] -Dio.netty.allocator.tinyCacheSize: 512
 [chaos-web]2018-11-24 19:27:04 21 [io.netty.buffer.PooledByteBufAllocator]-[DEBUG] -Dio.netty.allocator.smallCacheSize: 256
 [chaos-web]2018-11-24 19:27:04 21 [io.netty.buffer.PooledByteBufAllocator]-[DEBUG] -Dio.netty.allocator.normalCacheSize: 64
 [chaos-web]2018-11-24 19:27:04 21 [io.netty.buffer.PooledByteBufAllocator]-[DEBUG] -Dio.netty.allocator.maxCachedBufferCapacity: 32768
 [chaos-web]2018-11-24 19:27:04 24 [io.netty.buffer.PooledByteBufAllocator]-[DEBUG] -Dio.netty.allocator.cacheTrimInterval: 8192
 [chaos-web]2018-11-24 19:27:04 24 [io.netty.buffer.PooledByteBufAllocator]-[DEBUG] -Dio.netty.allocator.useCacheForAllThreads: true
 [chaos-web]2018-11-24 19:27:04 33 [io.netty.buffer.ByteBufUtil]-[DEBUG] -Dio.netty.allocator.type: pooled
 [chaos-web]2018-11-24 19:27:04 33 [io.netty.buffer.ByteBufUtil]-[DEBUG] -Dio.netty.threadLocalDirectBufferSize: 0
 [chaos-web]2018-11-24 19:27:04 33 [io.netty.buffer.ByteBufUtil]-[DEBUG] -Dio.netty.maxThreadLocalCharBufferSize: 16384
 [chaos-web]2018-11-24 19:27:04 57 [com.alan.server.instance.impl.EchoServer]-[INFO] bind on port [ 8080 ] :)
 [chaos-web]2018-11-24 19:28:26 517 [io.netty.util.internal.logging.InternalLoggerFactory]-[DEBUG] Using SLF4J as the default logging framework
 [chaos-web]2018-11-24 19:28:26 528 [io.netty.channel.MultithreadEventLoopGroup]-[DEBUG] -Dio.netty.eventLoopThreads: 8
 [chaos-web]2018-11-24 19:28:26 597 [io.netty.channel.nio.NioEventLoop]-[DEBUG] -Dio.netty.noKeySetOptimization: false
 [chaos-web]2018-11-24 19:28:26 598 [io.netty.channel.nio.NioEventLoop]-[DEBUG] -Dio.netty.selectorAutoRebuildThreshold: 512
 [chaos-web]2018-11-24 19:28:26 619 [io.netty.util.internal.PlatformDependent]-[DEBUG] Platform: MacOS
 [chaos-web]2018-11-24 19:28:26 621 [io.netty.util.internal.PlatformDependent0]-[DEBUG] -Dio.netty.noUnsafe: false
 [chaos-web]2018-11-24 19:28:26 622 [io.netty.util.internal.PlatformDependent0]-[DEBUG] Java version: 8
 [chaos-web]2018-11-24 19:28:26 623 [io.netty.util.internal.PlatformDependent0]-[DEBUG] sun.misc.Unsafe.theUnsafe: available
 [chaos-web]2018-11-24 19:28:26 624 [io.netty.util.internal.PlatformDependent0]-[DEBUG] sun.misc.Unsafe.copyMemory: available
 [chaos-web]2018-11-24 19:28:26 625 [io.netty.util.internal.PlatformDependent0]-[DEBUG] java.nio.Buffer.address: available
 [chaos-web]2018-11-24 19:28:26 626 [io.netty.util.internal.PlatformDependent0]-[DEBUG] direct buffer constructor: available
 [chaos-web]2018-11-24 19:28:26 627 [io.netty.util.internal.PlatformDependent0]-[DEBUG] java.nio.Bits.unaligned: available, true
 [chaos-web]2018-11-24 19:28:26 628 [io.netty.util.internal.PlatformDependent0]-[DEBUG] jdk.internal.misc.Unsafe.allocateUninitializedArray(int): unavailable prior to Java9
 [chaos-web]2018-11-24 19:28:26 628 [io.netty.util.internal.PlatformDependent0]-[DEBUG] java.nio.DirectByteBuffer.<init>(long, int): available
 [chaos-web]2018-11-24 19:28:26 628 [io.netty.util.internal.PlatformDependent]-[DEBUG] sun.misc.Unsafe: available
 [chaos-web]2018-11-24 19:28:26 629 [io.netty.util.internal.PlatformDependent]-[DEBUG] -Dio.netty.tmpdir: /var/folders/8f/9rk1x7zj7fb8dn7tkdnh918m0000gp/T (java.io.tmpdir)
 [chaos-web]2018-11-24 19:28:26 631 [io.netty.util.internal.PlatformDependent]-[DEBUG] -Dio.netty.bitMode: 64 (sun.arch.data.model)
 [chaos-web]2018-11-24 19:28:26 633 [io.netty.util.internal.PlatformDependent]-[DEBUG] -Dio.netty.noPreferDirect: false
 [chaos-web]2018-11-24 19:28:26 634 [io.netty.util.internal.PlatformDependent]-[DEBUG] -Dio.netty.maxDirectMemory: 1908932608 bytes
 [chaos-web]2018-11-24 19:28:26 634 [io.netty.util.internal.PlatformDependent]-[DEBUG] -Dio.netty.uninitializedArrayAllocationThreshold: -1
 [chaos-web]2018-11-24 19:28:26 635 [io.netty.util.internal.CleanerJava6]-[DEBUG] java.nio.ByteBuffer.cleaner(): available
 [chaos-web]2018-11-24 19:28:26 644 [io.netty.util.internal.PlatformDependent]-[DEBUG] org.jctools-core.MpscChunkedArrayQueue: available
 [chaos-web]2018-11-24 19:28:26 667 [io.netty.util.internal.InternalThreadLocalMap]-[DEBUG] -Dio.netty.threadLocalMap.stringBuilder.initialSize: 1024
 [chaos-web]2018-11-24 19:28:26 667 [io.netty.util.internal.InternalThreadLocalMap]-[DEBUG] -Dio.netty.threadLocalMap.stringBuilder.maxSize: 4096
 [chaos-web]2018-11-24 19:28:26 718 [io.netty.channel.DefaultChannelId]-[DEBUG] -Dio.netty.processId: 80585 (auto-detected)
 [chaos-web]2018-11-24 19:28:26 720 [io.netty.util.NetUtil]-[DEBUG] -Djava.net.preferIPv4Stack: false
 [chaos-web]2018-11-24 19:28:26 721 [io.netty.util.NetUtil]-[DEBUG] -Djava.net.preferIPv6Addresses: false
 [chaos-web]2018-11-24 19:28:26 731 [io.netty.util.NetUtil]-[DEBUG] Loopback interface: lo0 (lo0, 0:0:0:0:0:0:0:1%lo0)
 [chaos-web]2018-11-24 19:28:26 732 [io.netty.util.NetUtil]-[DEBUG] Failed to get SOMAXCONN from sysctl and file /proc/sys/net/core/somaxconn. Default: 128
 [chaos-web]2018-11-24 19:28:26 735 [io.netty.channel.DefaultChannelId]-[DEBUG] -Dio.netty.machineId: 88:e9:fe:ff:fe:4e:58:b2 (auto-detected)
 [chaos-web]2018-11-24 19:28:26 752 [io.netty.util.ResourceLeakDetector]-[DEBUG] -Dio.netty.leakDetection.level: simple
 [chaos-web]2018-11-24 19:28:26 753 [io.netty.util.ResourceLeakDetector]-[DEBUG] -Dio.netty.leakDetection.targetRecords: 4
 [chaos-web]2018-11-24 19:28:26 785 [io.netty.buffer.PooledByteBufAllocator]-[DEBUG] -Dio.netty.allocator.numHeapArenas: 8
 [chaos-web]2018-11-24 19:28:26 785 [io.netty.buffer.PooledByteBufAllocator]-[DEBUG] -Dio.netty.allocator.numDirectArenas: 8
 [chaos-web]2018-11-24 19:28:26 785 [io.netty.buffer.PooledByteBufAllocator]-[DEBUG] -Dio.netty.allocator.pageSize: 8192
 [chaos-web]2018-11-24 19:28:26 785 [io.netty.buffer.PooledByteBufAllocator]-[DEBUG] -Dio.netty.allocator.maxOrder: 11
 [chaos-web]2018-11-24 19:28:26 786 [io.netty.buffer.PooledByteBufAllocator]-[DEBUG] -Dio.netty.allocator.chunkSize: 16777216
 [chaos-web]2018-11-24 19:28:26 786 [io.netty.buffer.PooledByteBufAllocator]-[DEBUG] -Dio.netty.allocator.tinyCacheSize: 512
 [chaos-web]2018-11-24 19:28:26 786 [io.netty.buffer.PooledByteBufAllocator]-[DEBUG] -Dio.netty.allocator.smallCacheSize: 256
 [chaos-web]2018-11-24 19:28:26 786 [io.netty.buffer.PooledByteBufAllocator]-[DEBUG] -Dio.netty.allocator.normalCacheSize: 64
 [chaos-web]2018-11-24 19:28:26 786 [io.netty.buffer.PooledByteBufAllocator]-[DEBUG] -Dio.netty.allocator.maxCachedBufferCapacity: 32768
 [chaos-web]2018-11-24 19:28:26 786 [io.netty.buffer.PooledByteBufAllocator]-[DEBUG] -Dio.netty.allocator.cacheTrimInterval: 8192
 [chaos-web]2018-11-24 19:28:26 787 [io.netty.buffer.PooledByteBufAllocator]-[DEBUG] -Dio.netty.allocator.useCacheForAllThreads: true
 [chaos-web]2018-11-24 19:28:26 798 [io.netty.buffer.ByteBufUtil]-[DEBUG] -Dio.netty.allocator.type: pooled
 [chaos-web]2018-11-24 19:28:26 798 [io.netty.buffer.ByteBufUtil]-[DEBUG] -Dio.netty.threadLocalDirectBufferSize: 0
 [chaos-web]2018-11-24 19:28:26 798 [io.netty.buffer.ByteBufUtil]-[DEBUG] -Dio.netty.maxThreadLocalCharBufferSize: 16384
 [chaos-web]2018-11-24 19:28:26 820 [com.alan.server.instance.impl.EchoServer]-[INFO] bind on port [ 8080 ] :)
 [chaos-web]2018-11-24 19:28:26 830 [com.alan.server.handler.ServerHeartBeatHandler]-[INFO] empty channel :)
 [chaos-web]2018-11-24 19:28:27 833 [com.alan.server.handler.ServerHeartBeatHandler]-[INFO] empty channel :)
 [chaos-web]2018-11-24 19:28:28 838 [com.alan.server.handler.ServerHeartBeatHandler]-[INFO] empty channel :)
 [chaos-web]2018-11-24 19:28:29 843 [com.alan.server.handler.ServerHeartBeatHandler]-[INFO] empty channel :)
 [chaos-web]2018-11-24 19:28:30 846 [com.alan.server.handler.ServerHeartBeatHandler]-[INFO] empty channel :)
 [chaos-web]2018-11-24 19:28:31 851 [com.alan.server.handler.ServerHeartBeatHandler]-[INFO] empty channel :)
 [chaos-web]2018-11-24 19:28:32 854 [com.alan.server.handler.ServerHeartBeatHandler]-[INFO] empty channel :)
 [chaos-web]2018-11-24 19:28:33 866 [io.netty.util.Recycler]-[DEBUG] -Dio.netty.recycler.maxCapacityPerThread: 4096
 [chaos-web]2018-11-24 19:28:33 867 [io.netty.util.Recycler]-[DEBUG] -Dio.netty.recycler.maxSharedCapacityFactor: 2
 [chaos-web]2018-11-24 19:28:33 867 [io.netty.util.Recycler]-[DEBUG] -Dio.netty.recycler.linkCapacity: 16
 [chaos-web]2018-11-24 19:28:33 867 [io.netty.util.Recycler]-[DEBUG] -Dio.netty.recycler.ratio: 8
 [chaos-web]2018-11-24 19:28:33 995 [io.netty.buffer.AbstractByteBuf]-[DEBUG] -Dio.netty.buffer.bytebuf.checkAccessible: true
 [chaos-web]2018-11-24 19:28:33 997 [io.netty.util.ResourceLeakDetectorFactory]-[DEBUG] Loaded default ResourceLeakDetector: io.netty.util.ResourceLeakDetector@560c4e41
 [chaos-web]2018-11-24 19:28:34 08 [com.alan.server.handler.ServerHeartBeatHandler]-[INFO] heart beat for 0 times.
 [chaos-web]2018-11-24 19:28:35 12 [com.alan.server.handler.ServerHeartBeatHandler]-[INFO] heart beat for 1 times.
 [chaos-web]2018-11-24 19:28:36 18 [com.alan.server.handler.ServerHeartBeatHandler]-[INFO] heart beat for 2 times.
 [chaos-web]2018-11-24 19:28:37 24 [com.alan.server.handler.ServerHeartBeatHandler]-[INFO] heart beat for 3 times.
 [chaos-web]2018-11-24 19:28:38 27 [com.alan.server.handler.ServerHeartBeatHandler]-[INFO] heart beat for 4 times.
 [chaos-web]2018-11-24 19:28:39 29 [com.alan.server.handler.ServerHeartBeatHandler]-[INFO] heart beat for 5 times.
 [chaos-web]2018-11-24 19:28:40 34 [com.alan.server.handler.ServerHeartBeatHandler]-[ERROR] heart beat send error with channel Id 88e9fefffe4e58b2-00013ac9-00000001-22fb913aaf41f95a-0b26c4b6 :(
 java.nio.channels.ClosedChannelException
	at io.netty.channel.AbstractChannel$AbstractUnsafe.write(...)(Unknown Source)
[chaos-web]2018-11-24 19:28:40 36 [com.alan.server.handler.ServerHeartBeatHandler]-[INFO] heart beat for 6 times.
 [chaos-web]2018-11-24 19:28:41 38 [com.alan.server.handler.ServerHeartBeatHandler]-[INFO] empty channel :)
 [chaos-web]2018-11-24 19:28:42 41 [com.alan.server.handler.ServerHeartBeatHandler]-[INFO] empty channel :)
 